<?xml version="1.0" encoding="UTF-8"?>
<!-- Generated by org.testng.reporters.JUnitReportReporter -->
<testsuite hostname="AMIT" failures="0" tests="4" name="com.app.sunbeam.tests.Test1" time="30.437" errors="0" timestamp="26 Feb 2024 12:10:06 GMT" skipped="0">
  <testcase classname="com.app.sunbeam.tests.Test1" name="sample" time="10.008"/>
  <testcase classname="com.app.sunbeam.tests.Test1" name="sample1" time="10.014"/>
  <testcase classname="com.app.sunbeam.tests.Test1" name="sample2" time="10.018"/>
  <testcase classname="com.app.sunbeam.tests.Test1" name="LoginTest" time="0.397"/>
</testsuite> <!-- com.app.sunbeam.tests.Test1 -->
