<?xml version="1.0" encoding="UTF-8"?>
<!-- Generated by org.testng.reporters.JUnitReportReporter -->
<testsuite hostname="AMIT" failures="0" tests="4" name="com.app.sunbeam.tests.Test2" time="30.747" errors="0" timestamp="26 Feb 2024 12:10:06 GMT" skipped="0">
  <testcase classname="com.app.sunbeam.tests.Test2" name="getup" time="10.027"/>
  <testcase classname="com.app.sunbeam.tests.Test2" name="getup1Test" time="10.006"/>
  <testcase classname="com.app.sunbeam.tests.Test2" name="getup1Test2" time="10.006"/>
  <testcase classname="com.app.sunbeam.tests.Test2" name="LoginTest2" time="0.708"/>
</testsuite> <!-- com.app.sunbeam.tests.Test2 -->
